     1                                 %line 1+1 lab2.asm
     2                                 [section .text]
     3                                 [global _start]
     4                                 
     5                                 _start:
     6                                 
     7 00000000 48C7C201000000          mov rdx, 1
     8 00000007 48C7C6[00000000]        mov rsi, char
     9 0000000E 48C7C700000000          mov rdi, 0
    10 00000015 48C7C000000000          mov rax, 0
    11 0000001C 0F05                    syscall
    12                                 
    13 0000001E 48C7C201000000          mov rdx, 1
    14 00000025 48C7C6[00000000]        mov rsi, char
    15 0000002C 48C7C701000000          mov rdi, 1
    16 00000033 48C7C001000000          mov rax, 1
    17 0000003A 0F05                    syscall
    18                                 
    19 0000003C 48C7C03C000000          mov rax, 60
    20 00000043 0F05                    syscall
    21                                 
    22                                 [section .data]
    23 00000000 00                     char db 0
    24 00000001 48656C6C6F2C20776F-    msg db 'Hello, world!', 0xa
    25 00000001 726C64210A         
    26                                 len equ $ - msg
