     1                                 %line 1+1 lab7.asm
     2                                 [global absoluteValue]
     3                                 
     4                                 [section .text]
     5                                 
     6                                 
     7                                 
     8                                 absoluteValue:
     9                                 
    10 00000000 55                      push rbp
    11 00000001 4889E5                  mov rbp, rsp
    12                                 
    13 00000004 4883FF00                cmp rdi, 0
    14 00000008 741F                    je rexit
    15                                 
    16                                 
    17 0000000A 4831C9                  xor rcx, rcx
    18 0000000D 4801F9                  add rcx, rdi
    19                                 
    20 00000010 4881E100000080          and rcx, 0x80000000
    21 00000017 4885C9                  test rcx, rcx
    22                                 
    23 0000001A 7503                    jne doSomething
    24                                 
    25 0000001C 4889F8                  mov rax, rdi
    26 0000001F EB08                    jmp rexit
    27                                 
    28                                 
    29                                 
    30                                 doSomething:
    31                                 
    32 00000021 48F7D7                  NOT rdi
    33 00000024 4883C701                add rdi, 1
    34 00000028 4889F8                  mov rax, rdi
    35                                 
    36                                 
    37                                 
    38                                 
    39                                 rexit:
    40 0000002B 5D                      pop rbp
    41 0000002C C3                      ret
    42                                 
    43                                 
    44                                 
    45                                 
